Using CPU
Use CPU
🚀 Lazy Loading: M2SFormerATPSelfRegulationSCP2 ...
✅✅✅Model Conf 0.1 256 5000 128
>>>>>>>testing : classification_EthanolConcentration_M2SFormerATPSelfRegulationSCP2_UEA_ftM_sl1751_ll48_pl0_dm128_nh8_el3_dl1_df256_expand2_dc4_fc1_ebtimeF_dtTrue_Exp_09f4ffad71a8df42a703d458194cde42e110f2954c7ca68222f2d971b08ebf244<<<<<<<<<<<<<<<<<<<<<<<<<<<<<<<<<
loading model
test shape: torch.Size([263, 4]) torch.Size([263, 1])
              precision    recall  f1-score   support

           0       0.38      0.35      0.36        66
           1       0.29      0.39      0.33        66
           2       0.38      0.17      0.23        66
           3       0.28      0.35      0.31        65

    accuracy                           0.32       263
   macro avg       0.33      0.32      0.31       263
weighted avg       0.33      0.32      0.31       263


All weighted: precision=0.3308, recall=0.3156, f1 score=0.3095, accuracy: 0.3095
Using CPU
Use CPU
🚀 Lazy Loading: M2SFormerATPSelfRegulationSCP2 ...
✅✅✅Model Conf 0.2 1024 5000 128
>>>>>>>testing : classification_FaceDetection_M2SFormerATPSelfRegulationSCP2_UEA_ftM_sl62_ll48_pl0_dm128_nh8_el3_dl1_df256_expand2_dc4_fc1_ebtimeF_dtTrue_Exp_0238943f38bc79fb3ab2c3268e2dc2bfc92bd0ba48eefdcd8e082a906a2643e68<<<<<<<<<<<<<<<<<<<<<<<<<<<<<<<<<
loading model
test shape: torch.Size([3524, 2]) torch.Size([3524, 1])
              precision    recall  f1-score   support

           0       0.67      0.77      0.71      1762
           1       0.73      0.62      0.67      1762

    accuracy                           0.69      3524
   macro avg       0.70      0.69      0.69      3524
weighted avg       0.70      0.69      0.69      3524


All weighted: precision=0.6978, recall=0.6938, f1 score=0.6923, accuracy: 0.6923
Using CPU
Use CPU
🚀 Lazy Loading: M2SFormerATPSelfRegulationSCP2 ...
✅✅✅Model Conf 0.2 256 5000 128
>>>>>>>testing : classification_Handwriting_M2SFormerATPSelfRegulationSCP2_UEA_ftM_sl152_ll48_pl0_dm128_nh8_el3_dl1_df256_expand2_dc4_fc1_ebtimeF_dtTrue_Exp_08ce230a747c16c1b8bb234f9707a9fb5da0f83975ca50026f7cda5119eb7329e<<<<<<<<<<<<<<<<<<<<<<<<<<<<<<<<<
loading model
test shape: torch.Size([850, 26]) torch.Size([850, 1])
              precision    recall  f1-score   support

           0       0.35      0.39      0.37        36
           1       0.31      0.50      0.38        26
           2       0.00      0.00      0.00        25
           3       0.69      0.30      0.42        37
           4       0.44      0.53      0.48        40
           5       0.20      0.29      0.23        35
           6       0.31      0.31      0.31        29
           7       0.39      0.36      0.38        33
           8       0.50      0.16      0.24        32
           9       0.37      0.71      0.48        31
          10       0.12      0.09      0.11        33
          11       0.31      0.35      0.33        34
          12       0.45      0.32      0.38        31
          13       0.45      0.26      0.33        34
          14       0.61      0.88      0.72        43
          15       0.58      0.59      0.58        32
          16       0.53      0.24      0.33        37
          17       0.46      0.50      0.48        26
          18       0.45      0.91      0.60        32
          19       0.25      0.48      0.33        29
          20       0.66      0.58      0.62        43
          21       0.65      0.44      0.53        34
          22       0.55      0.77      0.64        30
          23       0.43      0.34      0.38        29
          24       0.14      0.03      0.05        32
          25       0.29      0.26      0.27        27

    accuracy                           0.42       850
   macro avg       0.40      0.41      0.38       850
weighted avg       0.42      0.42      0.39       850


All weighted: precision=0.4160, recall=0.4165, f1 score=0.3938, accuracy: 0.3938
Using CPU
Use CPU
🚀 Lazy Loading: M2SFormerATPSelfRegulationSCP2 ...
✅✅✅Model Conf 0.1 512 5000 128
>>>>>>>testing : classification_Heartbeat_M2SFormerATPSelfRegulationSCP2_UEA_ftM_sl405_ll48_pl0_dm128_nh8_el3_dl1_df256_expand2_dc4_fc1_ebtimeF_dtTrue_Exp_0c096fef635ddae3cf07b21608823d1aa76322e29a2fcd361dbd7bdb2e5110aa5<<<<<<<<<<<<<<<<<<<<<<<<<<<<<<<<<
loading model
test shape: torch.Size([205, 2]) torch.Size([205, 1])
              precision    recall  f1-score   support

           0       0.82      0.92      0.87       148
           1       0.69      0.47      0.56        57

    accuracy                           0.80       205
   macro avg       0.76      0.70      0.71       205
weighted avg       0.78      0.80      0.78       205


All weighted: precision=0.7840, recall=0.7951, f1 score=0.7818, accuracy: 0.7818
Using CPU
Use CPU
🚀 Lazy Loading: M2SFormerATPSelfRegulationSCP2 ...
✅✅✅Model Conf 0.1 64 5000 512
>>>>>>>testing : classification_JapaneseVowels_M2SFormerATPSelfRegulationSCP2_UEA_ftM_sl29_ll48_pl0_dm128_nh8_el3_dl1_df256_expand2_dc4_fc1_ebtimeF_dtTrue_Exp_0de1891040504e9a8f9b7869c4d28b509ba87b749a1c33e7c0c4c667491ddda09<<<<<<<<<<<<<<<<<<<<<<<<<<<<<<<<<
loading model
test shape: torch.Size([370, 9]) torch.Size([370, 1])
              precision    recall  f1-score   support

           0       1.00      1.00      1.00        31
           1       0.94      0.97      0.96        35
           2       0.99      1.00      0.99        88
           3       1.00      0.95      0.98        44
           4       1.00      1.00      1.00        29
           5       1.00      1.00      1.00        24
           6       1.00      0.97      0.99        40
           7       1.00      0.98      0.99        50
           8       0.94      1.00      0.97        29

    accuracy                           0.99       370
   macro avg       0.99      0.99      0.99       370
weighted avg       0.99      0.99      0.99       370


All weighted: precision=0.9870, recall=0.9865, f1 score=0.9865, accuracy: 0.9865
Using CPU
Use CPU
🚀 Lazy Loading: M2SFormerATPSelfRegulationSCP2 ...
✅✅✅Model Conf 0.2 2048 5000 3072
>>>>>>>testing : classification_PEMS-SF_M2SFormerATPSelfRegulationSCP2_UEA_ftM_sl144_ll48_pl0_dm128_nh8_el3_dl1_df256_expand2_dc4_fc1_ebtimeF_dtTrue_Exp_05068db0e47249a5c0b4ba36764b71e987397ef40f5439cd3cfe5af25cfa09e43<<<<<<<<<<<<<<<<<<<<<<<<<<<<<<<<<
loading model
test shape: torch.Size([173, 7]) torch.Size([173, 1])
              precision    recall  f1-score   support

           0       1.00      1.00      1.00        30
           1       0.92      0.88      0.90        25
           2       0.71      0.92      0.80        26
           3       0.74      0.61      0.67        23
           4       0.90      0.82      0.86        22
           5       0.96      0.93      0.94        27
           6       1.00      1.00      1.00        20

    accuracy                           0.88       173
   macro avg       0.89      0.88      0.88       173
weighted avg       0.89      0.88      0.88       173


All weighted: precision=0.8900, recall=0.8844, f1 score=0.8839, accuracy: 0.8839
Using CPU
Use CPU
🚀 Lazy Loading: M2SFormerATPSelfRegulationSCP2 ...
✅✅✅Model Conf 0.001 512 5000 128
>>>>>>>testing : classification_SelfRegulationSCP1_M2SFormerATPSelfRegulationSCP2_UEA_ftM_sl896_ll48_pl0_dm128_nh8_el3_dl1_df256_expand2_dc4_fc1_ebtimeF_dtTrue_Exp_0c53d364bf4b853ecaaed3b7f241c766b74dab30fb00bb63f888a32f6cec406da<<<<<<<<<<<<<<<<<<<<<<<<<<<<<<<<<
loading model
test shape: torch.Size([293, 2]) torch.Size([293, 1])
              precision    recall  f1-score   support

           0       0.90      0.96      0.93       147
           1       0.96      0.90      0.93       146

    accuracy                           0.93       293
   macro avg       0.93      0.93      0.93       293
weighted avg       0.93      0.93      0.93       293


All weighted: precision=0.9299, recall=0.9283, f1 score=0.9283, accuracy: 0.9283
Using CPU
Use CPU
🚀 Lazy Loading: M2SFormerATPSelfRegulationSCP2 ...
✅✅✅Model Conf 0.1 1024 5000 64
>>>>>>>testing : classification_SelfRegulationSCP2_M2SFormerATPSelfRegulationSCP2_UEA_ftM_sl1152_ll48_pl0_dm128_nh8_el3_dl1_df256_expand2_dc4_fc1_ebtimeF_dtTrue_Exp_0ceb5065846af854c7892842d86ffd9373a4eb95aea8128347a77ae02f719af5d<<<<<<<<<<<<<<<<<<<<<<<<<<<<<<<<<
loading model
test shape: torch.Size([180, 2]) torch.Size([180, 1])
              precision    recall  f1-score   support

           0       0.62      0.53      0.57        90
           1       0.59      0.67      0.62        90

    accuracy                           0.60       180
   macro avg       0.60      0.60      0.60       180
weighted avg       0.60      0.60      0.60       180


All weighted: precision=0.6018, recall=0.6000, f1 score=0.5982, accuracy: 0.5982
Using CPU
Use CPU
🚀 Lazy Loading: M2SFormerATPSelfRegulationSCP2 ...
✅✅✅Model Conf 0.2 1024 5000 1024
>>>>>>>testing : classification_SpokenArabicDigits_M2SFormerATPSelfRegulationSCP2_UEA_ftM_sl93_ll48_pl0_dm128_nh8_el3_dl1_df256_expand2_dc4_fc1_ebtimeF_dtTrue_Exp_07d72a1313879f87941ae4738e54758a878ab9c551e1667615a5bc63d82cc5ce6<<<<<<<<<<<<<<<<<<<<<<<<<<<<<<<<<
loading model
test shape: torch.Size([2199, 10]) torch.Size([2199, 1])
              precision    recall  f1-score   support

           0       1.00      0.99      1.00       220
           1       0.99      1.00      0.99       219
           2       1.00      1.00      1.00       220
           3       1.00      1.00      1.00       220
           4       1.00      1.00      1.00       220
           5       1.00      1.00      1.00       220
           6       1.00      1.00      1.00       220
           7       1.00      1.00      1.00       220
           8       1.00      1.00      1.00       220
           9       1.00      1.00      1.00       220

    accuracy                           1.00      2199
   macro avg       1.00      1.00      1.00      2199
weighted avg       1.00      1.00      1.00      2199


All weighted: precision=0.9982, recall=0.9982, f1 score=0.9982, accuracy: 0.9982
Using CPU
Use CPU
🚀 Lazy Loading: M2SFormerATPSelfRegulationSCP2 ...
✅✅✅Model Conf 0.2 256 5000 512
>>>>>>>testing : classification_UWaveGestureLibrary_M2SFormerATPSelfRegulationSCP2_UEA_ftM_sl315_ll48_pl0_dm128_nh8_el3_dl1_df256_expand2_dc4_fc1_ebtimeF_dtTrue_Exp_0d4148af2649958c554afac0d997666c083cd806ff6e119eedd44a6ea585ecb27<<<<<<<<<<<<<<<<<<<<<<<<<<<<<<<<<
loading model
test shape: torch.Size([320, 8]) torch.Size([320, 1])
              precision    recall  f1-score   support

           0       0.97      0.88      0.92        40
           1       1.00      1.00      1.00        40
           2       0.97      0.90      0.94        40
           3       0.93      0.70      0.80        40
           4       0.73      0.93      0.81        40
           5       0.87      0.97      0.92        40
           6       0.98      1.00      0.99        40
           7       1.00      1.00      1.00        40

    accuracy                           0.92       320
   macro avg       0.93      0.92      0.92       320
weighted avg       0.93      0.92      0.92       320


All weighted: precision=0.9308, recall=0.9219, f1 score=0.9218, accuracy: 0.9218
